<?xml version="1.0" encoding="UTF-8"?>
<testsuite xmlns:xsi="http://www.w3.org/2001/XMLSchema-instance" xsi:noNamespaceSchemaLocation="https://maven.apache.org/surefire/maven-surefire-plugin/xsd/surefire-test-report.xsd" name="site.nomoreparties.stellarburgers.userTest.UserEditeDataTest" time="5.717" tests="6" errors="0" skipped="0" failures="0">
  <properties>
[...]
</properties>
  <testcase name="userWithOutAuthorizationUpdateName" classname="site.nomoreparties.stellarburgers.userTest.UserEditeDataTest" time="0.937"/>
  <testcase name="userAuthorizationUpdateName" classname="site.nomoreparties.stellarburgers.userTest.UserEditeDataTest" time="0.939"/>
  <testcase name="userWithOutAuthorizationUpdatePassword" classname="site.nomoreparties.stellarburgers.userTest.UserEditeDataTest" time="0.908"/>
  <testcase name="userWithOutAuthorizationUpdateEmail" classname="site.nomoreparties.stellarburgers.userTest.UserEditeDataTest" time="0.942"/>
  <testcase name="userAuthorizationUpdateEmail" classname="site.nomoreparties.stellarburgers.userTest.UserEditeDataTest" time="0.995"/>
  <testcase name="userAuthorizationUpdatePassword" classname="site.nomoreparties.stellarburgers.userTest.UserEditeDataTest" time="0.963"/>
</testsuite>